<?xml version="1.0" encoding="UTF-8"?>
<!-- Generated by org.testng.reporters.JUnitReportReporter -->
<testsuite hostname="Fatsnguyen" failures="0" tests="5" name="CalculatorTest.CalculatorTest" time="0.023" errors="0" timestamp="08 Apr 2025 19:42:21 GMT" skipped="0">
  <testcase classname="CalculatorTest.CalculatorTest" name="testMultiply" time="0.002"/>
  <testcase classname="CalculatorTest.CalculatorTest" name="testDivideByZero" time="0.003"/>
  <testcase classname="CalculatorTest.CalculatorTest" name="testDivide" time="0.002"/>
  <testcase classname="CalculatorTest.CalculatorTest" name="testAdd" time="0.015"/>
  <testcase classname="CalculatorTest.CalculatorTest" name="testSubtract" time="0.001"/>
</testsuite> <!-- CalculatorTest.CalculatorTest -->
